<?xml version="1.0" encoding="UTF-8"?>
<!-- Generated by org.testng.reporters.JUnitReportReporter -->
<testsuite skipped="0" hostname="macmini440" name="NewTest" tests="1" failures="0" timestamp="25 Jul 2018 13:35:50 GMT" time="0.020" errors="0">
  <testcase name="sum" time="0.020" classname="NewTest"/>
</testsuite> <!-- NewTest -->
